<?xml version="1.0" encoding="utf-8"?><testsuites name="pytest tests"><testsuite name="pytest" errors="0" failures="0" skipped="0" tests="19" time="23.897" timestamp="2026-06-15T07:08:20.202184+00:00" hostname="agent-env-7507a723-8fc0-4bdf-9017-d9bc69b3d60f"><testcase classname="tests.test_drishti_api.TestAuth" name="test_login_evaluator" time="0.210" /><testcase classname="tests.test_drishti_api.TestAuth" name="test_login_other_roles[moderator]" time="0.039" /><testcase classname="tests.test_drishti_api.TestAuth" name="test_login_other_roles[scan_operator]" time="0.040" /><testcase classname="tests.test_drishti_api.TestAuth" name="test_login_other_roles[admin]" time="0.081" /><testcase classname="tests.test_drishti_api.TestAuth" name="test_login_unknown_role" time="0.039" /><testcase classname="tests.test_drishti_api.TestSchemeStats" name="test_scheme" time="0.039" /><testcase classname="tests.test_drishti_api.TestSchemeStats" name="test_stats" time="0.043" /><testcase classname="tests.test_drishti_api.TestQueueDeviations" name="test_queue" time="0.041" /><testcase classname="tests.test_drishti_api.TestQueueDeviations" name="test_open_deviations" time="0.079" /><testcase classname="tests.test_drishti_api.TestGradingFlow" name="test_ai_read_bundle" time="0.079" /><testcase classname="tests.test_drishti_api.TestGradingFlow" name="test_bundle_page_image" time="0.107" /><testcase classname="tests.test_drishti_api.TestGradingFlow" name="test_evaluate_creates_deviations" time="1.418" /><testcase classname="tests.test_drishti_api.TestGradingFlow" name="test_audit_endpoint" time="0.041" /><testcase classname="tests.test_drishti_api.TestDeviationActions" name="test_approve_and_reevaluate" time="0.278" /><testcase classname="tests.test_drishti_api.TestGenerate" name="test_generate_and_persist" time="7.345" /><testcase classname="tests.test_drishti_api.TestPDFPipeline" name="test_pdf_upload" time="13.577" /><testcase classname="tests.test_drishti_api.TestPDFPipeline" name="test_pdf_get" time="0.041" /><testcase classname="tests.test_drishti_api.TestPDFPipeline" name="test_pdf_finalize" time="0.043" /><testcase classname="tests.test_drishti_api.TestPDFPipeline" name="test_final_pdf_download" time="0.143" /></testsuite></testsuites>